<?xml version="1.0" encoding="UTF-8"?>
<!-- Generated by org.testng.reporters.JUnitReportReporter -->
<testsuite hostname="DESKTOP-4SAH56R" failures="0" tests="1" name="source.Suntuity" time="251.808" errors="0" timestamp="09 Jul 2021 09:17:58 GMT" skipped="0">
  <testcase classname="source.Suntuity" name="Test" time="251.808"/>
</testsuite> <!-- source.Suntuity -->
