<?xml version="1.0" encoding="UTF-8"?>
<!-- Generated by org.testng.reporters.JUnitReportReporter -->
<testsuite hostname="DESKTOP-4SAH56R" failures="0" tests="1" name="source.initilize" time="52.498" errors="0" timestamp="09 Jul 2021 09:17:58 GMT" skipped="0">
  <testcase classname="source.initilize" name="Test_initilize_main" time="52.498"/>
</testsuite> <!-- source.initilize -->
