<?xml version="1.0" encoding="UTF-8"?>
<!-- Generated by org.testng.reporters.JUnitReportReporter -->
<testsuite skipped="0" hostname="DESKTOP-4SAH56R" name="source.initilize" tests="1" failures="0" timestamp="05 Jul 2021 05:39:12 GMT" time="35.021" errors="0">
  <testcase name="Test_initilize_main" time="35.021" classname="source.initilize"/>
</testsuite> <!-- source.initilize -->
